#
# There is insufficient memory for the Java Runtime Environment to continue.
# Native memory allocation (mmap) failed to map 2031616 bytes for G1 virtual space
# Possible reasons:
#   The system is out of physical RAM or swap space
#   The process is running with CompressedOops enabled, and the Java Heap may be blocking the growth of the native heap
# Possible solutions:
#   Reduce memory load on the system
#   Increase physical memory or swap space
#   Check if swap backing store is full
#   Decrease Java heap size (-Xmx/-Xms)
#   Decrease number of Java threads
#   Decrease Java thread stack sizes (-Xss)
#   Set larger code cache with -XX:ReservedCodeCacheSize=
#   JVM is running with Unscaled Compressed Oops mode in which the Java heap is
#     placed in the first 4GB address space. The Java Heap base address is the
#     maximum limit for the native heap growth. Please use -XX:HeapBaseMinAddress
#     to set the Java Heap base and to place the Java Heap above 4GB virtual address.
# This output file may be truncated or incomplete.
#
#  Out of Memory Error (os_windows.cpp:3527), pid=3528, tid=15196
#
# JRE version:  (19.0.1+10) (build )
# Java VM: Java HotSpot(TM) 64-Bit Server VM (19.0.1+10-21, mixed mode, sharing, tiered, compressed oops, compressed class ptrs, g1 gc, windows-amd64)
# No core dump will be written. Minidumps are not enabled by default on client versions of Windows
#

---------------  S U M M A R Y ------------

Command Line: -Dfile.encoding=UTF-8 -XX:+ShowCodeDetailsInExceptionMessages tinhtoan.CacHam

Host: 11th Gen Intel(R) Core(TM) i5-1135G7 @ 2.40GHz, 8 cores, 7G,  Windows 11 , 64 bit Build 22000 (10.0.22000.708)
Time: Fri Jan 27 22:00:03 2023 SE Asia Standard Time elapsed time: 0.014299 seconds (0d 0h 0m 0s)

---------------  T H R E A D  ---------------

Current thread (0x0000027513289080):  JavaThread "Unknown thread" [_thread_in_vm, id=15196, stack(0x000000c36a400000,0x000000c36a500000)]

Stack: [0x000000c36a400000,0x000000c36a500000]
Native frames: (J=compiled Java code, j=interpreted, Vv=VM code, C=native code)
V  [jvm.dll+0x6ee8fa]
V  [jvm.dll+0x857a1e]
V  [jvm.dll+0x85940e]
V  [jvm.dll+0x859ac3]
V  [jvm.dll+0x28291f]
V  [jvm.dll+0x6eb6e9]
V  [jvm.dll+0x6e028a]
V  [jvm.dll+0x357136]
V  [jvm.dll+0x35eb96]
V  [jvm.dll+0x3b5573]
V  [jvm.dll+0x3b578f]
V  [jvm.dll+0x32c6ea]
V  [jvm.dll+0x32d59e]
V  [jvm.dll+0x821b20]
V  [jvm.dll+0x3c27c1]
V  [jvm.dll+0x8022f1]
V  [jvm.dll+0x44b30f]
V  [jvm.dll+0x44cc91]
C  [jli.dll+0x5287]
C  [ucrtbase.dll+0x26c0c]
C  [KERNEL32.DLL+0x154e0]
C  [ntdll.dll+0x485b]


---------------  P R O C E S S  ---------------

Threads class SMR info:
_java_thread_list=0x00007ffa5644d048, length=0, elements={
}

Java Threads: ( => current thread )

Other Threads:
  0x00000275132e7ca0 WorkerThread "GC Thread#0" [stack: 0x000000c36a500000,0x000000c36a600000] [id=16368]
  0x00000275132f8d00 ConcurrentGCThread "G1 Main Marker" [stack: 0x000000c36a600000,0x000000c36a700000] [id=22452]
  0x00000275132fa740 WorkerThread "G1 Conc#0" [stack: 0x000000c36a700000,0x000000c36a800000] [id=19744]

[error occurred during error reporting (printing all threads), id 0xc0000005, EXCEPTION_ACCESS_VIOLATION (0xc0000005) at pc=0x00007ffa55c0d127]

VM state: not at safepoint (not fully initialized)

VM Mutex/Monitor currently owned by a thread:  ([mutex/lock_event])
[0x0000027513283e30] Heap_lock - owner thread: 0x0000027513289080

Heap address: 0x0000000084200000, size: 1982 MB, Compressed Oops mode: 32-bit

CDS archive(s) mapped at: [0x0000000000000000-0x0000000000000000-0x0000000000000000), size 0, SharedBaseAddress: 0x0000000800000000, ArchiveRelocationMode: 0.
Narrow klass base: 0x0000000000000000, Narrow klass shift: 0, Narrow klass range: 0x0

GC Precious Log:
 CardTable entry size: 512
 Card Set container configuration: InlinePtr #cards 5 size 8 Array Of Cards #cards 12 size 40 Howl #buckets 4 coarsen threshold 1843 Howl Bitmap #cards 512 size 80 coarsen threshold 460 Card regions per heap region 1 cards per card region 2048

Heap:
 garbage-first heap   total 0K, used 0K [0x0000000084200000, 0x0000000100000000)
  region size 1024K, 0 young (0K), 0 survivors (0K)

[error occurred during error reporting (printing heap information), id 0xc0000005, EXCEPTION_ACCESS_VIOLATION (0xc0000005) at pc=0x00007ffa56016959]

GC Heap History (0 events):
No events

Dll operation events (1 events):
Event: 0.008 Loaded shared library C:\Program Files\Java\jdk-19\bin\java.dll

Deoptimization events (0 events):
No events

Classes loaded (0 events):
No events

Classes unloaded (0 events):
No events

Classes redefined (0 events):
No events

Internal exceptions (0 events):
No events

VM Operations (0 events):
No events

Events (0 events):
No events


Dynamic libraries:
0x00007ff785980000 - 0x00007ff785990000 	C:\Program Files\Java\jdk-19\bin\javaw.exe
0x00007ffabb8c0000 - 0x00007ffabbac9000 	C:\Windows\SYSTEM32\ntdll.dll
0x00007ffaba5c0000 - 0x00007ffaba67d000 	C:\Windows\System32\KERNEL32.DLL
0x00007ffab9270000 - 0x00007ffab95e9000 	C:\Windows\System32\KERNELBASE.dll
0x00007ffab8fc0000 - 0x00007ffab90d1000 	C:\Windows\System32\ucrtbase.dll
0x00007ffab0790000 - 0x00007ffab07a8000 	C:\Program Files\Java\jdk-19\bin\jli.dll
0x00007ffaac430000 - 0x00007ffaac44b000 	C:\Program Files\Java\jdk-19\bin\VCRUNTIME140.dll
0x00007ffabb7d0000 - 0x00007ffabb87e000 	C:\Windows\System32\ADVAPI32.dll
0x00007ffaba1f0000 - 0x00007ffaba293000 	C:\Windows\System32\msvcrt.dll
0x00007ffabb6c0000 - 0x00007ffabb75e000 	C:\Windows\System32\sechost.dll
0x00007ffab9fe0000 - 0x00007ffaba100000 	C:\Windows\System32\RPCRT4.dll
0x00007ffaba370000 - 0x00007ffaba51c000 	C:\Windows\System32\USER32.dll
0x00007ffaa6070000 - 0x00007ffaa6315000 	C:\Windows\WinSxS\amd64_microsoft.windows.common-controls_6595b64144ccf1df_6.0.22000.120_none_9d947278b86cc467\COMCTL32.dll
0x00007ffab8da0000 - 0x00007ffab8dc6000 	C:\Windows\System32\win32u.dll
0x00007ffabae40000 - 0x00007ffabae69000 	C:\Windows\System32\GDI32.dll
0x00007ffab9150000 - 0x00007ffab9262000 	C:\Windows\System32\gdi32full.dll
0x00007ffab95f0000 - 0x00007ffab968d000 	C:\Windows\System32\msvcp_win.dll
0x00007ffaaf8b0000 - 0x00007ffaaf8ba000 	C:\Windows\SYSTEM32\VERSION.dll
0x00007ffabb530000 - 0x00007ffabb561000 	C:\Windows\System32\IMM32.DLL
0x00007ffab5300000 - 0x00007ffab530c000 	C:\Program Files\Java\jdk-19\bin\vcruntime140_1.dll
0x00007ffaa3300000 - 0x00007ffaa338e000 	C:\Program Files\Java\jdk-19\bin\msvcp140.dll
0x00007ffa558d0000 - 0x00007ffa56590000 	C:\Program Files\Java\jdk-19\bin\server\jvm.dll
0x00007ffab52e0000 - 0x00007ffab52e9000 	C:\Windows\SYSTEM32\WSOCK32.dll
0x00007ffaba300000 - 0x00007ffaba36f000 	C:\Windows\System32\WS2_32.dll
0x00007ffab06d0000 - 0x00007ffab0703000 	C:\Windows\SYSTEM32\WINMM.dll
0x00007ffab7f90000 - 0x00007ffab7fa8000 	C:\Windows\SYSTEM32\kernel.appcore.dll
0x00007ffab19f0000 - 0x00007ffab19fa000 	C:\Program Files\Java\jdk-19\bin\jimage.dll
0x00007ffab61a0000 - 0x00007ffab63c1000 	C:\Windows\SYSTEM32\DBGHELP.DLL
0x00007ffaa1b50000 - 0x00007ffaa1b81000 	C:\Windows\SYSTEM32\dbgcore.DLL
0x00007ffab8dd0000 - 0x00007ffab8e4f000 	C:\Windows\System32\bcryptPrimitives.dll
0x00007ffaab900000 - 0x00007ffaab926000 	C:\Program Files\Java\jdk-19\bin\java.dll

dbghelp: loaded successfully - version: 4.0.5 - missing functions: none
symbol engine: initialized successfully - sym options: 0x614 - pdb path: .;C:\Program Files\Java\jdk-19\bin;C:\Windows\SYSTEM32;C:\Windows\WinSxS\amd64_microsoft.windows.common-controls_6595b64144ccf1df_6.0.22000.120_none_9d947278b86cc467;C:\Program Files\Java\jdk-19\bin\server

VM Arguments:
jvm_args: -Dfile.encoding=UTF-8 -XX:+ShowCodeDetailsInExceptionMessages 
java_command: tinhtoan.CacHam
java_class_path (initial): C:\Users\DELL\OneDrive\java\scanner\bin
Launcher Type: SUN_STANDARD

[Global flags]
     intx CICompilerCount                          = 4                                         {product} {ergonomic}
     uint ConcGCThreads                            = 2                                         {product} {ergonomic}
     uint G1ConcRefinementThreads                  = 8                                         {product} {ergonomic}
   size_t G1HeapRegionSize                         = 1048576                                   {product} {ergonomic}
    uintx GCDrainStackTargetSize                   = 64                                        {product} {ergonomic}
   size_t InitialHeapSize                          = 130023424                                 {product} {ergonomic}
   size_t MarkStackSize                            = 4194304                                   {product} {ergonomic}
   size_t MaxHeapSize                              = 2078277632                                {product} {ergonomic}
   size_t MinHeapDeltaBytes                        = 1048576                                   {product} {ergonomic}
   size_t MinHeapSize                              = 8388608                                   {product} {ergonomic}
    uintx NonNMethodCodeHeapSize                   = 5839372                                {pd product} {ergonomic}
    uintx NonProfiledCodeHeapSize                  = 122909434                              {pd product} {ergonomic}
    uintx ProfiledCodeHeapSize                     = 122909434                              {pd product} {ergonomic}
    uintx ReservedCodeCacheSize                    = 251658240                              {pd product} {ergonomic}
     bool SegmentedCodeCache                       = true                                      {product} {ergonomic}
     bool ShowCodeDetailsInExceptionMessages       = true                                   {manageable} {command line}
   size_t SoftMaxHeapSize                          = 2078277632                             {manageable} {ergonomic}
     bool UseCompressedClassPointers               = true                           {product lp64_product} {ergonomic}
     bool UseCompressedOops                        = true                           {product lp64_product} {ergonomic}
     bool UseG1GC                                  = true                                      {product} {ergonomic}
     bool UseLargePagesIndividualAllocation        = false                                  {pd product} {ergonomic}

Logging:
Log output configuration:
 #0: stdout all=warning uptime,level,tags foldmultilines=false
 #1: stderr all=off uptime,level,tags foldmultilines=false

Environment Variables:
JAVA_HOME=C:\Program Files\Java\jdk-19
PATH=C:\Program Files\Common Files\Oracle\Java\javapath;C:\Windows\system32;C:\Windows;C:\Windows\System32\Wbem;C:\Windows\System32\WindowsPowerShell\v1.0\;C:\Windows\System32\OpenSSH\;C:\Program Files\dotnet\;C:\Program Files\Cloudflare\Cloudflare WARP\;C:\Users\DELL\AppData\Local\Microsoft\WindowsApps;
USERNAME=DELL
OS=Windows_NT
PROCESSOR_IDENTIFIER=Intel64 Family 6 Model 140 Stepping 1, GenuineIntel
TMP=C:\Users\DELL\AppData\Local\Temp
TEMP=C:\Users\DELL\AppData\Local\Temp



---------------  S Y S T E M  ---------------

OS:
 Windows 11 , 64 bit Build 22000 (10.0.22000.708)
OS uptime: 14 days 4:16 hours

CPU: total 8 (initial active 8) (4 cores per cpu, 2 threads per core) family 6 model 140 stepping 1 microcode 0xa4, cx8, cmov, fxsr, ht, mmx, 3dnowpref, sse, sse2, sse3, ssse3, sse4.1, sse4.2, popcnt, lzcnt, tsc, tscinvbit, avx, avx2, aes, erms, clmul, bmi1, bmi2, adx, avx512f, avx512dq, avx512cd, avx512bw, avx512vl, sha, fma, vzeroupper, avx512_vpopcntdq, avx512_vpclmulqdq, avx512_vaes, avx512_vnni, clflush, clflushopt, clwb, avx512_vbmi2, avx512_vbmi, rdtscp, rdpid, fsrm, gfni, avx512_bitalg

Memory: 4k page, system-wide physical 7926M (483M free)
TotalPageFile size 25926M (AvailPageFile size 3M)
current process WorkingSet (physical memory assigned to process): 10M, peak: 10M
current process commit charge ("private bytes"): 184M, peak: 186M

vm_info: Java HotSpot(TM) 64-Bit Server VM (19.0.1+10-21) for windows-amd64 JRE (19.0.1+10-21), built on 2022-09-14T12:45:06Z by "mach5one" with MS VC++ 17.1 (VS2022)

END.
